# JRE version: Java(TM) SE Runtime Environment (8.0_102-b01) (build 1.8.0_102-ea-b01)
# Java VM: Java HotSpot(TM) 64-Bit Server VM (25.102-b01 mixed mode windows-amd64 compressed oops)
Heap:
 PSYoungGen      total 473088K, used 114637K [0x00000000d5d80000, 0x00000000f7500000, 0x0000000100000000)
  eden space 409088K, 27% used [0x00000000d5d80000,0x00000000dcd436a8,0x00000000eed00000)
  from space 64000K, 0% used [0x00000000f3680000,0x00000000f36b0000,0x00000000f7500000)
  to   space 69632K, 0% used [0x00000000eed00000,0x00000000eed00000,0x00000000f3100000)
 ParOldGen       total 212480K, used 118015K [0x0000000081800000, 0x000000008e780000, 0x00000000d5d80000)
  object space 212480K, 55% used [0x0000000081800000,0x0000000088b3fd70,0x000000008e780000)
 Metaspace       used 47932K, capacity 50256K, committed 50472K, reserved 1093632K
  class space    used 6010K, capacity 6423K, committed 6440K, reserved 1048576K
GC Heap History (10 events):
Event: 278.534 GC heap before
{Heap before GC invocations=19 (full 2):
 PSYoungGen      total 262144K, used 258738K [0x00000000d5d80000, 0x00000000e7c80000, 0x0000000100000000)
  eden space 236032K, 100% used [0x00000000d5d80000,0x00000000e4400000,0x00000000e4400000)
  from space 26112K, 86% used [0x00000000e6000000,0x00000000e762c8b8,0x00000000e7980000)
  to   space 28672K, 0% used [0x00000000e4400000,0x00000000e4400000,0x00000000e6000000)
 ParOldGen       total 110592K, used 93277K [0x0000000081800000, 0x0000000088400000, 0x00000000d5d80000)
  object space 110592K, 84% used [0x0000000081800000,0x0000000087317558,0x0000000088400000)
 Metaspace       used 46013K, capacity 47876K, committed 48040K, reserved 1091584K
  class space    used 5857K, capacity 6189K, committed 6312K, reserved 1048576K
Event: 278.616 GC heap after
Heap after GC invocations=19 (full 2):
 PSYoungGen      total 264704K, used 28669K [0x00000000d5d80000, 0x00000000f0d00000, 0x0000000100000000)
  eden space 236032K, 0% used [0x00000000d5d80000,0x00000000d5d80000,0x00000000e4400000)
  from space 28672K, 99% used [0x00000000e4400000,0x00000000e5fff408,0x00000000e6000000)
  to   space 61440K, 0% used [0x00000000ed100000,0x00000000ed100000,0x00000000f0d00000)
 ParOldGen       total 173568K, used 170919K [0x0000000081800000, 0x000000008c180000, 0x00000000d5d80000)
  object space 173568K, 98% used [0x0000000081800000,0x000000008bee9c88,0x000000008c180000)
 Metaspace       used 46013K, capacity 47876K, committed 48040K, reserved 1091584K
  class space    used 5857K, capacity 6189K, committed 6312K, reserved 1048576K
}
Event: 278.616 GC heap before
{Heap before GC invocations=20 (full 3):
 PSYoungGen      total 264704K, used 28669K [0x00000000d5d80000, 0x00000000f0d00000, 0x0000000100000000)
  eden space 236032K, 0% used [0x00000000d5d80000,0x00000000d5d80000,0x00000000e4400000)
  from space 28672K, 99% used [0x00000000e4400000,0x00000000e5fff408,0x00000000e6000000)
  to   space 61440K, 0% used [0x00000000ed100000,0x00000000ed100000,0x00000000f0d00000)
 ParOldGen       total 173568K, used 170919K [0x0000000081800000, 0x000000008c180000, 0x00000000d5d80000)
  object space 173568K, 98% used [0x0000000081800000,0x000000008bee9c88,0x000000008c180000)
 Metaspace       used 46013K, capacity 47876K, committed 48040K, reserved 1091584K
  class space    used 5857K, capacity 6189K, committed 6312K, reserved 1048576K
Event: 278.758 GC heap after
Heap after GC invocations=20 (full 3):
 PSYoungGen      total 264704K, used 0K [0x00000000d5d80000, 0x00000000f0d00000, 0x0000000100000000)
  eden space 236032K, 0% used [0x00000000d5d80000,0x00000000d5d80000,0x00000000e4400000)
  from space 28672K, 0% used [0x00000000e4400000,0x00000000e4400000,0x00000000e6000000)
  to   space 61440K, 0% used [0x00000000ed100000,0x00000000ed100000,0x00000000f0d00000)
 ParOldGen       total 212480K, used 76774K [0x0000000081800000, 0x000000008e780000, 0x00000000d5d80000)
  object space 212480K, 36% used [0x0000000081800000,0x00000000862f9bf0,0x000000008e780000)
 Metaspace       used 46013K, capacity 47876K, committed 48040K, reserved 1091584K
  class space    used 5857K, capacity 6189K, committed 6312K, reserved 1048576K
}
Event: 531.171 GC heap before
{Heap before GC invocations=21 (full 3):
 PSYoungGen      total 264704K, used 236032K [0x00000000d5d80000, 0x00000000f0d00000, 0x0000000100000000)
  eden space 236032K, 100% used [0x00000000d5d80000,0x00000000e4400000,0x00000000e4400000)
  from space 28672K, 0% used [0x00000000e4400000,0x00000000e4400000,0x00000000e6000000)
  to   space 61440K, 0% used [0x00000000ed100000,0x00000000ed100000,0x00000000f0d00000)
 ParOldGen       total 212480K, used 76774K [0x0000000081800000, 0x000000008e780000, 0x00000000d5d80000)
  object space 212480K, 36% used [0x0000000081800000,0x00000000862f9bf0,0x000000008e780000)
 Metaspace       used 47317K, capacity 49668K, committed 49960K, reserved 1093632K
  class space    used 5985K, capacity 6409K, committed 6440K, reserved 1048576K
Event: 531.203 GC heap after
Heap after GC invocations=21 (full 3):
 PSYoungGen      total 370688K, used 58616K [0x00000000d5d80000, 0x00000000f2080000, 0x0000000100000000)
  eden space 309248K, 0% used [0x00000000d5d80000,0x00000000d5d80000,0x00000000e8b80000)
  from space 61440K, 95% used [0x00000000ed100000,0x00000000f0a3e100,0x00000000f0d00000)
  to   space 71168K, 0% used [0x00000000e8b80000,0x00000000e8b80000,0x00000000ed100000)
 ParOldGen       total 212480K, used 98383K [0x0000000081800000, 0x000000008e780000, 0x00000000d5d80000)
  object space 212480K, 46% used [0x0000000081800000,0x0000000087813c20,0x000000008e780000)
 Metaspace       used 47317K, capacity 49668K, committed 49960K, reserved 1093632K
  class space    used 5985K, capacity 6409K, committed 6440K, reserved 1048576K
}
Event: 1327.789 GC heap before
{Heap before GC invocations=22 (full 3):
 PSYoungGen      total 370688K, used 367864K [0x00000000d5d80000, 0x00000000f2080000, 0x0000000100000000)
  eden space 309248K, 100% used [0x00000000d5d80000,0x00000000e8b80000,0x00000000e8b80000)
  from space 61440K, 95% used [0x00000000ed100000,0x00000000f0a3e100,0x00000000f0d00000)
  to   space 71168K, 0% used [0x00000000e8b80000,0x00000000e8b80000,0x00000000ed100000)
 ParOldGen       total 212480K, used 98383K [0x0000000081800000, 0x000000008e780000, 0x00000000d5d80000)
  object space 212480K, 46% used [0x0000000081800000,0x0000000087813c20,0x000000008e780000)
 Metaspace       used 47910K, capacity 50230K, committed 50472K, reserved 1093632K
  class space    used 6004K, capacity 6416K, committed 6440K, reserved 1048576K
Event: 1327.840 GC heap after
Heap after GC invocations=22 (full 3):
 PSYoungGen      total 380416K, used 5608K [0x00000000d5d80000, 0x00000000f7b00000, 0x0000000100000000)
  eden space 309248K, 0% used [0x00000000d5d80000,0x00000000d5d80000,0x00000000e8b80000)
  from space 71168K, 7% used [0x00000000e8b80000,0x00000000e90fa1b0,0x00000000ed100000)
  to   space 70144K, 0% used [0x00000000f3680000,0x00000000f3680000,0x00000000f7b00000)
 ParOldGen       total 212480K, used 112959K [0x0000000081800000, 0x000000008e780000, 0x00000000d5d80000)
  object space 212480K, 53% used [0x0000000081800000,0x000000008864fcd0,0x000000008e780000)
 Metaspace       used 47910K, capacity 50230K, committed 50472K, reserved 1093632K
  class space    used 6004K, capacity 6416K, committed 6440K, reserved 1048576K
}
Event: 4914.000 GC heap before
{Heap before GC invocations=23 (full 3):
 PSYoungGen      total 380416K, used 314856K [0x00000000d5d80000, 0x00000000f7b00000, 0x0000000100000000)
  eden space 309248K, 100% used [0x00000000d5d80000,0x00000000e8b80000,0x00000000e8b80000)
  from space 71168K, 7% used [0x00000000e8b80000,0x00000000e90fa1b0,0x00000000ed100000)
  to   space 70144K, 0% used [0x00000000f3680000,0x00000000f3680000,0x00000000f7b00000)
 ParOldGen       total 212480K, used 112959K [0x0000000081800000, 0x000000008e780000, 0x00000000d5d80000)
  object space 212480K, 53% used [0x0000000081800000,0x000000008864fcd0,0x000000008e780000)
 Metaspace       used 47927K, capacity 50256K, committed 50472K, reserved 1093632K
  class space    used 6009K, capacity 6423K, committed 6440K, reserved 1048576K
Event: 4914.060 GC heap after
Heap after GC invocations=23 (full 3):
 PSYoungGen      total 473088K, used 192K [0x00000000d5d80000, 0x00000000f7500000, 0x0000000100000000)
  eden space 409088K, 0% used [0x00000000d5d80000,0x00000000d5d80000,0x00000000eed00000)
  from space 64000K, 0% used [0x00000000f3680000,0x00000000f36b0000,0x00000000f7500000)
  to   space 69632K, 0% used [0x00000000eed00000,0x00000000eed00000,0x00000000f3100000)
 ParOldGen       total 212480K, used 118015K [0x0000000081800000, 0x000000008e780000, 0x00000000d5d80000)
  object space 212480K, 55% used [0x0000000081800000,0x0000000088b3fd70,0x000000008e780000)
 Metaspace       used 47927K, capacity 50256K, committed 50472K, reserved 1093632K
  class space    used 6009K, capacity 6423K, committed 6440K, reserved 1048576K
}

