# JRE version: Java(TM) SE Runtime Environment (8.0_102-b01) (build 1.8.0_102-ea-b01)
# Java VM: Java HotSpot(TM) 64-Bit Server VM (25.102-b01 mixed mode windows-amd64 compressed oops)
Heap:
 PSYoungGen      total 56320K, used 37450K [0x00000000d5d80000, 0x00000000da400000, 0x0000000100000000)
  eden space 45568K, 79% used [0x00000000d5d80000,0x00000000d80ed7c8,0x00000000d8a00000)
  from space 10752K, 10% used [0x00000000d9980000,0x00000000d9aa5210,0x00000000da400000)
  to   space 13312K, 0% used [0x00000000d8a00000,0x00000000d8a00000,0x00000000d9700000)
 ParOldGen       total 77312K, used 17759K [0x0000000081800000, 0x0000000086380000, 0x00000000d5d80000)
  object space 77312K, 22% used [0x0000000081800000,0x0000000082957e78,0x0000000086380000)
 Metaspace       used 34820K, capacity 35918K, committed 36352K, reserved 1081344K
  class space    used 4496K, capacity 4766K, committed 4864K, reserved 1048576K
GC Heap History (10 events):
Event: 34.483 GC heap before
{Heap before GC invocations=6 (full 1):
 PSYoungGen      total 51712K, used 19529K [0x00000000d5d80000, 0x00000000d9700000, 0x0000000100000000)
  eden space 46592K, 30% used [0x00000000d5d80000,0x00000000d6b978b8,0x00000000d8b00000)
  from space 5120K, 99% used [0x00000000d9200000,0x00000000d96fade0,0x00000000d9700000)
  to   space 5120K, 0% used [0x00000000d8d00000,0x00000000d8d00000,0x00000000d9200000)
 ParOldGen       total 75264K, used 13706K [0x0000000081800000, 0x0000000086180000, 0x00000000d5d80000)
  object space 75264K, 18% used [0x0000000081800000,0x00000000825628f8,0x0000000086180000)
 Metaspace       used 34288K, capacity 35294K, committed 35456K, reserved 1079296K
  class space    used 4434K, capacity 4688K, committed 4736K, reserved 1048576K
Event: 34.491 GC heap after
Heap after GC invocations=6 (full 1):
 PSYoungGen      total 53760K, used 5109K [0x00000000d5d80000, 0x00000000db200000, 0x0000000100000000)
  eden space 48640K, 0% used [0x00000000d5d80000,0x00000000d5d80000,0x00000000d8d00000)
  from space 5120K, 99% used [0x00000000d8d00000,0x00000000d91fd7e0,0x00000000d9200000)
  to   space 12288K, 0% used [0x00000000da600000,0x00000000da600000,0x00000000db200000)
 ParOldGen       total 75264K, used 16263K [0x0000000081800000, 0x0000000086180000, 0x00000000d5d80000)
  object space 75264K, 21% used [0x0000000081800000,0x00000000827e1c90,0x0000000086180000)
 Metaspace       used 34288K, capacity 35294K, committed 35456K, reserved 1079296K
  class space    used 4434K, capacity 4688K, committed 4736K, reserved 1048576K
}
Event: 34.491 GC heap before
{Heap before GC invocations=7 (full 2):
 PSYoungGen      total 53760K, used 5109K [0x00000000d5d80000, 0x00000000db200000, 0x0000000100000000)
  eden space 48640K, 0% used [0x00000000d5d80000,0x00000000d5d80000,0x00000000d8d00000)
  from space 5120K, 99% used [0x00000000d8d00000,0x00000000d91fd7e0,0x00000000d9200000)
  to   space 12288K, 0% used [0x00000000da600000,0x00000000da600000,0x00000000db200000)
 ParOldGen       total 75264K, used 16263K [0x0000000081800000, 0x0000000086180000, 0x00000000d5d80000)
  object space 75264K, 21% used [0x0000000081800000,0x00000000827e1c90,0x0000000086180000)
 Metaspace       used 34288K, capacity 35294K, committed 35456K, reserved 1079296K
  class space    used 4434K, capacity 4688K, committed 4736K, reserved 1048576K
Event: 34.547 GC heap after
Heap after GC invocations=7 (full 2):
 PSYoungGen      total 53760K, used 0K [0x00000000d5d80000, 0x00000000db200000, 0x0000000100000000)
  eden space 48640K, 0% used [0x00000000d5d80000,0x00000000d5d80000,0x00000000d8d00000)
  from space 5120K, 0% used [0x00000000d8d00000,0x00000000d8d00000,0x00000000d9200000)
  to   space 12288K, 0% used [0x00000000da600000,0x00000000da600000,0x00000000db200000)
 ParOldGen       total 77312K, used 17735K [0x0000000081800000, 0x0000000086380000, 0x00000000d5d80000)
  object space 77312K, 22% used [0x0000000081800000,0x0000000082951e78,0x0000000086380000)
 Metaspace       used 34288K, capacity 35294K, committed 35456K, reserved 1079296K
  class space    used 4434K, capacity 4688K, committed 4736K, reserved 1048576K
}
Event: 753.770 GC heap before
{Heap before GC invocations=8 (full 2):
 PSYoungGen      total 53760K, used 48640K [0x00000000d5d80000, 0x00000000db200000, 0x0000000100000000)
  eden space 48640K, 100% used [0x00000000d5d80000,0x00000000d8d00000,0x00000000d8d00000)
  from space 5120K, 0% used [0x00000000d8d00000,0x00000000d8d00000,0x00000000d9200000)
  to   space 12288K, 0% used [0x00000000da600000,0x00000000da600000,0x00000000db200000)
 ParOldGen       total 77312K, used 17735K [0x0000000081800000, 0x0000000086380000, 0x00000000d5d80000)
  object space 77312K, 22% used [0x0000000081800000,0x0000000082951e78,0x0000000086380000)
 Metaspace       used 34810K, capacity 35918K, committed 36352K, reserved 1081344K
  class space    used 4494K, capacity 4766K, committed 4864K, reserved 1048576K
Event: 753.773 GC heap after
Heap after GC invocations=8 (full 2):
 PSYoungGen      total 49152K, used 1204K [0x00000000d5d80000, 0x00000000da780000, 0x0000000100000000)
  eden space 47616K, 0% used [0x00000000d5d80000,0x00000000d5d80000,0x00000000d8c00000)
  from space 1536K, 78% used [0x00000000da600000,0x00000000da72d210,0x00000000da780000)
  to   space 13312K, 0% used [0x00000000d8d80000,0x00000000d8d80000,0x00000000d9a80000)
 ParOldGen       total 77312K, used 17743K [0x0000000081800000, 0x0000000086380000, 0x00000000d5d80000)
  object space 77312K, 22% used [0x0000000081800000,0x0000000082953e78,0x0000000086380000)
 Metaspace       used 34810K, capacity 35918K, committed 36352K, reserved 1081344K
  class space    used 4494K, capacity 4766K, committed 4864K, reserved 1048576K
}
Event: 1572.980 GC heap before
{Heap before GC invocations=9 (full 2):
 PSYoungGen      total 49152K, used 48820K [0x00000000d5d80000, 0x00000000da780000, 0x0000000100000000)
  eden space 47616K, 100% used [0x00000000d5d80000,0x00000000d8c00000,0x00000000d8c00000)
  from space 1536K, 78% used [0x00000000da600000,0x00000000da72d210,0x00000000da780000)
  to   space 13312K, 0% used [0x00000000d8d80000,0x00000000d8d80000,0x00000000d9a80000)
 ParOldGen       total 77312K, used 17743K [0x0000000081800000, 0x0000000086380000, 0x00000000d5d80000)
  object space 77312K, 22% used [0x0000000081800000,0x0000000082953e78,0x0000000086380000)
 Metaspace       used 34810K, capacity 35918K, committed 36352K, reserved 1081344K
  class space    used 4494K, capacity 4766K, committed 4864K, reserved 1048576K
Event: 1572.983 GC heap after
Heap after GC invocations=9 (full 2):
 PSYoungGen      total 48128K, used 1172K [0x00000000d5d80000, 0x00000000da680000, 0x0000000100000000)
  eden space 46592K, 0% used [0x00000000d5d80000,0x00000000d5d80000,0x00000000d8b00000)
  from space 1536K, 76% used [0x00000000d8d80000,0x00000000d8ea5210,0x00000000d8f00000)
  to   space 13312K, 0% used [0x00000000d9980000,0x00000000d9980000,0x00000000da680000)
 ParOldGen       total 77312K, used 17751K [0x0000000081800000, 0x0000000086380000, 0x00000000d5d80000)
  object space 77312K, 22% used [0x0000000081800000,0x0000000082955e78,0x0000000086380000)
 Metaspace       used 34810K, capacity 35918K, committed 36352K, reserved 1081344K
  class space    used 4494K, capacity 4766K, committed 4864K, reserved 1048576K
}
Event: 2352.012 GC heap before
{Heap before GC invocations=10 (full 2):
 PSYoungGen      total 48128K, used 47764K [0x00000000d5d80000, 0x00000000da680000, 0x0000000100000000)
  eden space 46592K, 100% used [0x00000000d5d80000,0x00000000d8b00000,0x00000000d8b00000)
  from space 1536K, 76% used [0x00000000d8d80000,0x00000000d8ea5210,0x00000000d8f00000)
  to   space 13312K, 0% used [0x00000000d9980000,0x00000000d9980000,0x00000000da680000)
 ParOldGen       total 77312K, used 17751K [0x0000000081800000, 0x0000000086380000, 0x00000000d5d80000)
  object space 77312K, 22% used [0x0000000081800000,0x0000000082955e78,0x0000000086380000)
 Metaspace       used 34811K, capacity 35918K, committed 36352K, reserved 1081344K
  class space    used 4494K, capacity 4766K, committed 4864K, reserved 1048576K
Event: 2352.017 GC heap after
Heap after GC invocations=10 (full 2):
 PSYoungGen      total 56320K, used 1172K [0x00000000d5d80000, 0x00000000da400000, 0x0000000100000000)
  eden space 45568K, 0% used [0x00000000d5d80000,0x00000000d5d80000,0x00000000d8a00000)
  from space 10752K, 10% used [0x00000000d9980000,0x00000000d9aa5210,0x00000000da400000)
  to   space 13312K, 0% used [0x00000000d8a00000,0x00000000d8a00000,0x00000000d9700000)
 ParOldGen       total 77312K, used 17759K [0x0000000081800000, 0x0000000086380000, 0x00000000d5d80000)
  object space 77312K, 22% used [0x0000000081800000,0x0000000082957e78,0x0000000086380000)
 Metaspace       used 34811K, capacity 35918K, committed 36352K, reserved 1081344K
  class space    used 4494K, capacity 4766K, committed 4864K, reserved 1048576K
}

